<?xml version="1.0" encoding="UTF-8"?>
<!-- Generated by org.testng.reporters.JUnitReportReporter -->
<testsuite skipped="0" hostname="LAPTOP-QGU55PU2" name="com.actitime.testscript.CustomerModule" tests="1" failures="0" timestamp="2022-07-01T01:52:36 IST" time="20.885" errors="0">
  <testcase name="testCreateCustomer" time="20.885" classname="com.actitime.testscript.CustomerModule"/>
  <system-out>
    <![CDATA[CreateCustomer]]>
  </system-out>
</testsuite> <!-- com.actitime.testscript.CustomerModule -->
